[sáb ene 24 13:17:27 CET 2015] [1m[32m[INFO] Compressing old log files. Executing command: find /home/moro/proyectos/workaround-es/logs -name workaround.*.log -type f -mtime +1 -exec bzip2 -v {} \;[1m[0m
[sáb ene 24 13:17:27 CET 2015] [1m[32m[INFO] Log compression completed. Result was:[1m[0m
[sáb ene 24 13:17:27 CET 2015] [1m[32m[INFO] /home/moro/proyectos/workaround-es/logs/workaround.20150118.log: 15.812:1,  0.506 bits/byte, 93.68% saved, 22026 in, 1393 out.[1m[0m
[sáb ene 24 13:17:27 CET 2015] [1m[32m[INFO] Deleting old log files. Executing command: find /home/moro/proyectos/workaround-es/logs -name workaround.*.log -type f -mtime +365 -exec rm -vf {} \;[1m[0m
[sáb ene 24 13:17:27 CET 2015] [1m[32m[INFO] ANY old log files deleted[1m[0m
[sáb ene 24 13:17:27 CET 2015] [1m[32m[INFO] Looking for pending containers creation[1m[0m
[sáb ene 24 13:17:27 CET 2015] [1m[32m[INFO] Found 2 containers to be processed: Starting[1m[0m
[sáb ene 24 13:17:27 CET 2015] [1m[32m[INFO] Pending container "1" generation started[1m[0m
[sáb ene 24 13:17:27 CET 2015] [1m[32m[INFO] Step 1: Create Storage[1m[0m
[sáb ene 24 13:17:27 CET 2015] [1m[31m[ERROR] There in NO free space available[1m[0m
[sáb ene 24 13:17:27 CET 2015] [1m[31m[ERROR] Storage generation FAILED[1m[0m
[sáb ene 24 13:18:09 CET 2015] [1m[32m[INFO] Compressing old log files. Executing command: find /home/moro/proyectos/workaround-es/logs -name workaround.*.log -type f -mtime +1 -exec bzip2 -v {} \;[1m[0m
[sáb ene 24 13:18:09 CET 2015] [1m[32m[INFO] ANY log files compressed[1m[0m
[sáb ene 24 13:18:09 CET 2015] [1m[32m[INFO] Deleting old log files. Executing command: find /home/moro/proyectos/workaround-es/logs -name workaround.*.log -type f -mtime +365 -exec rm -vf {} \;[1m[0m
[sáb ene 24 13:18:09 CET 2015] [1m[32m[INFO] ANY old log files deleted[1m[0m
[sáb ene 24 13:18:09 CET 2015] [1m[32m[INFO] Looking for pending containers creation[1m[0m
[sáb ene 24 13:18:09 CET 2015] [1m[32m[INFO] Found 2 containers to be processed: Starting[1m[0m
[sáb ene 24 13:18:09 CET 2015] [1m[32m[INFO] Pending container "1" generation started[1m[0m
[sáb ene 24 13:18:09 CET 2015] [1m[32m[INFO] Step 1: Create Storage[1m[0m
[sáb ene 24 13:18:09 CET 2015] [1m[31m[ERROR] There in NO free space available[1m[0m
[sáb ene 24 13:18:09 CET 2015] [1m[31m[ERROR] Storage generation FAILED[1m[0m
[sáb ene 24 13:18:16 CET 2015] [1m[32m[INFO] Compressing old log files. Executing command: find /home/moro/proyectos/workaround-es/logs -name workaround.*.log -type f -mtime +1 -exec bzip2 -v {} \;[1m[0m
[sáb ene 24 13:18:16 CET 2015] [1m[32m[INFO] Log compression completed. Result was:[1m[0m
[sáb ene 24 13:18:16 CET 2015] [1m[32m[INFO] +++ find /home/moro/proyectos/workaround-es/logs -name 'workaround.*.log' -type f -mtime +1 -exec bzip2 -v '{}' ';'[1m[0m
[sáb ene 24 13:18:16 CET 2015] [1m[32m[INFO] Deleting old log files. Executing command: find /home/moro/proyectos/workaround-es/logs -name workaround.*.log -type f -mtime +365 -exec rm -vf {} \;[1m[0m
[sáb ene 24 13:18:16 CET 2015] [1m[32m[INFO] Old log deletion completed. Result was:[1m[0m
[sáb ene 24 13:18:16 CET 2015] [1m[32m[INFO] +++ find /home/moro/proyectos/workaround-es/logs -name 'workaround.*.log' -type f -mtime +365 -exec rm -vf '{}' ';'[1m[0m
[sáb ene 24 13:18:16 CET 2015] [1m[32m[INFO] Looking for pending containers creation[1m[0m
[sáb ene 24 13:18:16 CET 2015] [1m[32m[INFO] Found 2 containers to be processed: Starting[1m[0m
[sáb ene 24 13:18:17 CET 2015] [1m[32m[INFO] Pending container "1" generation started[1m[0m
[sáb ene 24 13:18:17 CET 2015] [1m[32m[INFO] Step 1: Create Storage[1m[0m
[sáb ene 24 13:18:17 CET 2015] [1m[31m[ERROR] There in NO free space available[1m[0m
[sáb ene 24 13:18:17 CET 2015] [1m[31m[ERROR] Storage generation FAILED[1m[0m
[sáb ene 24 13:19:56 CET 2015] [1m[32m[INFO] Compressing old log files. Executing command: find /home/moro/proyectos/workaround-es/logs -name workaround.*.log -type f -mtime +1 -exec bzip2 -v {} \;[1m[0m
[sáb ene 24 13:19:56 CET 2015] [1m[32m[INFO] Log compression completed. Result was:[1m[0m
[sáb ene 24 13:19:56 CET 2015] [1m[32m[INFO] +++ find /home/moro/proyectos/workaround-es/logs -name 'workaround.*.log' -type f -mtime +1 -exec bzip2 -v '{}' ';'[1m[0m
[sáb ene 24 13:19:56 CET 2015] [1m[32m[INFO] Deleting old log files. Executing command: find /home/moro/proyectos/workaround-es/logs -name workaround.*.log -type f -mtime +365 -exec rm -vf {} \;[1m[0m
[sáb ene 24 13:19:56 CET 2015] [1m[32m[INFO] Old log deletion completed. Result was:[1m[0m
[sáb ene 24 13:19:56 CET 2015] [1m[32m[INFO] +++ find /home/moro/proyectos/workaround-es/logs -name 'workaround.*.log' -type f -mtime +365 -exec rm -vf '{}' ';'[1m[0m
[sáb ene 24 13:19:56 CET 2015] [1m[32m[INFO] Looking for pending containers creation[1m[0m
[sáb ene 24 13:19:56 CET 2015] [1m[32m[INFO] Found 2 containers to be processed: Starting[1m[0m
[sáb ene 24 13:19:56 CET 2015] [1m[32m[INFO] Pending container "1" generation started[1m[0m
[sáb ene 24 13:19:56 CET 2015] [1m[32m[INFO] Step 1: Create Storage[1m[0m
[sáb ene 24 13:20:12 CET 2015] [1m[32m[INFO] Storage nodo1 generated[1m[0m
[sáb ene 24 13:20:12 CET 2015] [1m[32m[INFO] Step 2: Container Installation[1m[0m
[sáb ene 24 13:20:14 CET 2015] [1m[32m[INFO] Determine new IP Address[1m[0m
[sáb ene 24 13:20:15 CET 2015] [1m[32m[INFO] Pending container "2" generation started[1m[0m
[sáb ene 24 13:20:15 CET 2015] [1m[32m[INFO] Step 1: Create Storage[1m[0m
[sáb ene 24 13:20:15 CET 2015] [1m[32m[INFO] Storage nodo2 generated[1m[0m
[sáb ene 24 13:20:15 CET 2015] [1m[32m[INFO] Step 2: Container Installation[1m[0m
[sáb ene 24 13:20:17 CET 2015] [1m[32m[INFO] Determine new IP Address[1m[0m
[sáb ene 24 13:20:18 CET 2015] [1m[32m[INFO] Pending container "3" generation started[1m[0m
[sáb ene 24 13:20:18 CET 2015] [1m[32m[INFO] Step 1: Create Storage[1m[0m
[sáb ene 24 13:20:21 CET 2015] [1m[32m[INFO] Storage nodo3 generated[1m[0m
[sáb ene 24 13:20:21 CET 2015] [1m[32m[INFO] Step 2: Container Installation[1m[0m
[sáb ene 24 13:20:23 CET 2015] [1m[32m[INFO] Determine new IP Address[1m[0m
[sáb ene 24 13:25:12 CET 2015] [1m[32m[INFO] Compressing old log files. Executing command: find /home/moro/proyectos/workaround-es/logs -name workaround.*.log -type f -mtime +1 -exec bzip2 -v {} \;[1m[0m
[sáb ene 24 13:25:12 CET 2015] [1m[32m[INFO] Log compression completed. Result was:[1m[0m
[sáb ene 24 13:25:12 CET 2015] [1m[32m[INFO] +++ find /home/moro/proyectos/workaround-es/logs -name 'workaround.*.log' -type f -mtime +1 -exec bzip2 -v '{}' ';'[1m[0m
[sáb ene 24 13:25:12 CET 2015] [1m[32m[INFO] Deleting old log files. Executing command: find /home/moro/proyectos/workaround-es/logs -name workaround.*.log -type f -mtime +365 -exec rm -vf {} \;[1m[0m
[sáb ene 24 13:25:12 CET 2015] [1m[32m[INFO] Old log deletion completed. Result was:[1m[0m
[sáb ene 24 13:25:12 CET 2015] [1m[32m[INFO] +++ find /home/moro/proyectos/workaround-es/logs -name 'workaround.*.log' -type f -mtime +365 -exec rm -vf '{}' ';'[1m[0m
[sáb ene 24 13:25:12 CET 2015] [1m[32m[INFO] Looking for pending containers creation[1m[0m
[sáb ene 24 13:25:12 CET 2015] [1m[32m[INFO] Found 0 containers[1m[0m
[sáb ene 24 13:26:02 CET 2015] [1m[32m[INFO] Compressing old log files. Executing command: find /home/moro/proyectos/workaround-es/logs -name workaround.*.log -type f -mtime +1 -exec bzip2 -v {} \;[1m[0m
[sáb ene 24 13:26:02 CET 2015] [1m[32m[INFO] Log compression completed. Result was:[1m[0m
[sáb ene 24 13:26:02 CET 2015] [1m[32m[INFO] +++ find /home/moro/proyectos/workaround-es/logs -name 'workaround.*.log' -type f -mtime +1 -exec bzip2 -v '{}' ';'[1m[0m
[sáb ene 24 13:26:02 CET 2015] [1m[32m[INFO] Deleting old log files. Executing command: find /home/moro/proyectos/workaround-es/logs -name workaround.*.log -type f -mtime +365 -exec rm -vf {} \;[1m[0m
[sáb ene 24 13:26:02 CET 2015] [1m[32m[INFO] Old log deletion completed. Result was:[1m[0m
[sáb ene 24 13:26:02 CET 2015] [1m[32m[INFO] +++ find /home/moro/proyectos/workaround-es/logs -name 'workaround.*.log' -type f -mtime +365 -exec rm -vf '{}' ';'[1m[0m
[sáb ene 24 13:26:02 CET 2015] [1m[32m[INFO] Looking for pending containers creation[1m[0m
[sáb ene 24 13:26:02 CET 2015] [1m[32m[INFO] Found 2 containers to be processed: Starting[1m[0m
[sáb ene 24 13:26:02 CET 2015] [1m[32m[INFO] Pending container "1" generation started[1m[0m
[sáb ene 24 13:26:02 CET 2015] [1m[32m[INFO] Step 1: Create Storage[1m[0m
[sáb ene 24 13:26:02 CET 2015] [1m[31m[ERROR] There in NO free space available[1m[0m
[sáb ene 24 13:26:02 CET 2015] [1m[31m[ERROR] Storage generation FAILED[1m[0m
[sáb ene 24 13:26:23 CET 2015] [1m[32m[INFO] Compressing old log files. Executing command: find /home/moro/proyectos/workaround-es/logs -name workaround.*.log -type f -mtime +1 -exec bzip2 -v {} \;[1m[0m
[sáb ene 24 13:26:23 CET 2015] [1m[32m[INFO] Log compression completed. Result was:[1m[0m
[sáb ene 24 13:26:23 CET 2015] [1m[32m[INFO] +++ find /home/moro/proyectos/workaround-es/logs -name 'workaround.*.log' -type f -mtime +1 -exec bzip2 -v '{}' ';'[1m[0m
[sáb ene 24 13:26:23 CET 2015] [1m[32m[INFO] Deleting old log files. Executing command: find /home/moro/proyectos/workaround-es/logs -name workaround.*.log -type f -mtime +365 -exec rm -vf {} \;[1m[0m
[sáb ene 24 13:26:23 CET 2015] [1m[32m[INFO] Old log deletion completed. Result was:[1m[0m
[sáb ene 24 13:26:23 CET 2015] [1m[32m[INFO] +++ find /home/moro/proyectos/workaround-es/logs -name 'workaround.*.log' -type f -mtime +365 -exec rm -vf '{}' ';'[1m[0m
[sáb ene 24 13:26:23 CET 2015] [1m[32m[INFO] Looking for pending containers creation[1m[0m
[sáb ene 24 13:26:23 CET 2015] [1m[32m[INFO] Found 2 containers to be processed: Starting[1m[0m
[sáb ene 24 13:26:23 CET 2015] [1m[32m[INFO] Pending container "1" generation started[1m[0m
[sáb ene 24 13:26:23 CET 2015] [1m[32m[INFO] Step 1: Create Storage[1m[0m
[sáb ene 24 13:26:24 CET 2015] [1m[31m[ERROR] Something was wrong with storage generation[1m[0m
[sáb ene 24 13:26:24 CET 2015] [1m[31m[ERROR] Storage generation FAILED[1m[0m
[sáb ene 24 13:27:17 CET 2015] [1m[32m[INFO] Compressing old log files. Executing command: find /home/moro/proyectos/workaround-es/logs -name workaround.*.log -type f -mtime +1 -exec bzip2 -v {} \;[1m[0m
[sáb ene 24 13:27:17 CET 2015] [1m[32m[INFO] Log compression completed. Result was:[1m[0m
[sáb ene 24 13:27:17 CET 2015] [1m[32m[INFO] +++ find /home/moro/proyectos/workaround-es/logs -name 'workaround.*.log' -type f -mtime +1 -exec bzip2 -v '{}' ';'[1m[0m
[sáb ene 24 13:27:17 CET 2015] [1m[32m[INFO] Deleting old log files. Executing command: find /home/moro/proyectos/workaround-es/logs -name workaround.*.log -type f -mtime +365 -exec rm -vf {} \;[1m[0m
[sáb ene 24 13:27:17 CET 2015] [1m[32m[INFO] Old log deletion completed. Result was:[1m[0m
[sáb ene 24 13:27:17 CET 2015] [1m[32m[INFO] +++ find /home/moro/proyectos/workaround-es/logs -name 'workaround.*.log' -type f -mtime +365 -exec rm -vf '{}' ';'[1m[0m
[sáb ene 24 13:27:17 CET 2015] [1m[32m[INFO] Looking for pending containers creation[1m[0m
[sáb ene 24 13:27:17 CET 2015] [1m[32m[INFO] Found 2 containers to be processed: Starting[1m[0m
[sáb ene 24 13:27:17 CET 2015] [1m[32m[INFO] Pending container "1" generation started[1m[0m
[sáb ene 24 13:27:17 CET 2015] [1m[32m[INFO] Step 1: Create Storage[1m[0m
[sáb ene 24 13:27:17 CET 2015] [1m[31m[ERROR] Something was wrong with storage generation[1m[0m
[sáb ene 24 13:27:17 CET 2015] [1m[31m[ERROR] Storage generation FAILED[1m[0m
[sáb ene 24 13:29:20 CET 2015] [1m[32m[INFO] Compressing old log files. Executing command: find /home/moro/proyectos/workaround-es/logs -name workaround.*.log -type f -mtime +1 -exec bzip2 -v {} \;[1m[0m
[sáb ene 24 13:29:20 CET 2015] [1m[32m[INFO] ANY log files compressed[1m[0m
[sáb ene 24 13:29:20 CET 2015] [1m[32m[INFO] Deleting old log files. Executing command: find /home/moro/proyectos/workaround-es/logs -name workaround.*.log -type f -mtime +365 -exec rm -vf {} \;[1m[0m
[sáb ene 24 13:29:20 CET 2015] [1m[32m[INFO] ANY old log files deleted[1m[0m
[sáb ene 24 13:29:20 CET 2015] [1m[32m[INFO] Looking for pending containers creation[1m[0m
[sáb ene 24 13:29:20 CET 2015] [1m[32m[INFO] Found 2 containers to be processed: Starting[1m[0m
[sáb ene 24 13:29:20 CET 2015] [1m[32m[INFO] Pending container "1" generation started[1m[0m
[sáb ene 24 13:29:20 CET 2015] [1m[32m[INFO] Step 1: Create Storage[1m[0m
[sáb ene 24 13:29:26 CET 2015] [1m[32m[INFO] Storage node1 generated[1m[0m
[sáb ene 24 13:29:26 CET 2015] [1m[32m[INFO] Step 2: Container Installation[1m[0m
[sáb ene 24 13:29:40 CET 2015] [1m[32m[INFO] Determine new IP Address[1m[0m
[sáb ene 24 13:29:41 CET 2015] [1m[32m[INFO] Pending container "2" generation started[1m[0m
[sáb ene 24 13:29:41 CET 2015] [1m[32m[INFO] Step 1: Create Storage[1m[0m
[sáb ene 24 13:29:44 CET 2015] [1m[32m[INFO] Storage node2 generated[1m[0m
[sáb ene 24 13:29:44 CET 2015] [1m[32m[INFO] Step 2: Container Installation[1m[0m
[sáb ene 24 13:29:51 CET 2015] [1m[32m[INFO] Determine new IP Address[1m[0m
[sáb ene 24 13:29:52 CET 2015] [1m[32m[INFO] Pending container "3" generation started[1m[0m
[sáb ene 24 13:29:52 CET 2015] [1m[32m[INFO] Step 1: Create Storage[1m[0m
[sáb ene 24 13:29:56 CET 2015] [1m[32m[INFO] Storage node3 generated[1m[0m
[sáb ene 24 13:29:57 CET 2015] [1m[32m[INFO] Step 2: Container Installation[1m[0m
[sáb ene 24 13:30:04 CET 2015] [1m[32m[INFO] Determine new IP Address[1m[0m
